{"level":30,"time":1691092422901,"pid":69448,"hostname":"Franciscos-MacBook-Pro.local","msg":"Server started"}
{"level":30,"time":1691092424014,"pid":69448,"hostname":"Franciscos-MacBook-Pro.local","msg":"GET /login"}
{"level":30,"time":1691092478386,"pid":69448,"hostname":"Franciscos-MacBook-Pro.local","msg":"GET /login"}
{"level":30,"time":1691092494367,"pid":69448,"hostname":"Franciscos-MacBook-Pro.local","msg":"GET /login"}
{"level":30,"time":1691092499267,"pid":69448,"hostname":"Franciscos-MacBook-Pro.local","msg":"GET /login"}
{"level":30,"time":1691092509970,"pid":69448,"hostname":"Franciscos-MacBook-Pro.local","msg":"GET /login"}
{"level":30,"time":1691092531917,"pid":69448,"hostname":"Franciscos-MacBook-Pro.local","msg":"GET /login"}
{"level":30,"time":1691092557195,"pid":69448,"hostname":"Franciscos-MacBook-Pro.local","msg":"GET /login"}
{"level":30,"time":1691092589500,"pid":69448,"hostname":"Franciscos-MacBook-Pro.local","msg":"GET /login"}
{"level":30,"time":1691092608667,"pid":69448,"hostname":"Franciscos-MacBook-Pro.local","msg":"GET /login"}
{"level":30,"time":1691092747801,"pid":69448,"hostname":"Franciscos-MacBook-Pro.local","msg":"GET /login"}
{"level":30,"time":1691092758994,"pid":69448,"hostname":"Franciscos-MacBook-Pro.local","msg":"GET /login"}
{"level":30,"time":1691092808759,"pid":69448,"hostname":"Franciscos-MacBook-Pro.local","msg":"GET /login"}
{"level":30,"time":1691092826042,"pid":69448,"hostname":"Franciscos-MacBook-Pro.local","msg":"GET /login"}
{"level":30,"time":1691092844536,"pid":69448,"hostname":"Franciscos-MacBook-Pro.local","msg":"GET /login"}
{"level":30,"time":1691092891632,"pid":69448,"hostname":"Franciscos-MacBook-Pro.local","msg":"GET /login"}
{"level":30,"time":1691092897979,"pid":69448,"hostname":"Franciscos-MacBook-Pro.local","msg":"GET /login"}
{"level":30,"time":1691092906291,"pid":69448,"hostname":"Franciscos-MacBook-Pro.local","msg":"GET /login"}
{"level":30,"time":1691092908737,"pid":69448,"hostname":"Franciscos-MacBook-Pro.local","msg":"GET /login"}
{"level":30,"time":1691092916742,"pid":69448,"hostname":"Franciscos-MacBook-Pro.local","msg":"GET /login"}
{"level":30,"time":1691092945350,"pid":69448,"hostname":"Franciscos-MacBook-Pro.local","msg":"GET /login"}
{"level":30,"time":1691092995119,"pid":69448,"hostname":"Franciscos-MacBook-Pro.local","msg":"GET /login"}
{"level":30,"time":1691093002011,"pid":69448,"hostname":"Franciscos-MacBook-Pro.local","msg":"GET /login"}
{"level":30,"time":1691093067767,"pid":69448,"hostname":"Franciscos-MacBook-Pro.local","msg":"GET /login"}
{"level":30,"time":1691093074238,"pid":69448,"hostname":"Franciscos-MacBook-Pro.local","msg":"GET /login"}
{"level":30,"time":1691093079807,"pid":69448,"hostname":"Franciscos-MacBook-Pro.local","msg":"GET /login"}
{"level":30,"time":1691093087102,"pid":69448,"hostname":"Franciscos-MacBook-Pro.local","msg":"GET /login"}
{"level":30,"time":1691093125114,"pid":69448,"hostname":"Franciscos-MacBook-Pro.local","msg":"GET /login"}
{"level":30,"time":1691093130882,"pid":69448,"hostname":"Franciscos-MacBook-Pro.local","msg":"GET /login"}
{"level":30,"time":1691093136071,"pid":69448,"hostname":"Franciscos-MacBook-Pro.local","msg":"GET /login"}
{"level":30,"time":1691093257794,"pid":69448,"hostname":"Franciscos-MacBook-Pro.local","msg":"GET /login"}
{"level":30,"time":1691093288197,"pid":69448,"hostname":"Franciscos-MacBook-Pro.local","msg":"GET /login"}
{"level":30,"time":1691093297250,"pid":69448,"hostname":"Franciscos-MacBook-Pro.local","msg":"GET /login"}
{"level":30,"time":1691093343210,"pid":69448,"hostname":"Franciscos-MacBook-Pro.local","msg":"GET /login"}
{"level":30,"time":1691093364823,"pid":69448,"hostname":"Franciscos-MacBook-Pro.local","msg":"GET /login"}
{"level":30,"time":1691093370181,"pid":69448,"hostname":"Franciscos-MacBook-Pro.local","msg":"GET /login"}
{"level":30,"time":1691093392275,"pid":69448,"hostname":"Franciscos-MacBook-Pro.local","msg":"GET /login"}
{"level":30,"time":1691093398765,"pid":69448,"hostname":"Franciscos-MacBook-Pro.local","msg":"GET /login"}
{"level":30,"time":1691093430325,"pid":69448,"hostname":"Franciscos-MacBook-Pro.local","msg":"GET /"}
{"level":30,"time":1691093430839,"pid":69448,"hostname":"Franciscos-MacBook-Pro.local","msg":"GET /login"}
{"level":30,"time":1691093435749,"pid":69448,"hostname":"Franciscos-MacBook-Pro.local","msg":"GET /login"}
{"level":30,"time":1691093441556,"pid":69448,"hostname":"Franciscos-MacBook-Pro.local","msg":"GET /login"}
{"level":30,"time":1691093497750,"pid":69448,"hostname":"Franciscos-MacBook-Pro.local","msg":"GET /login"}
{"level":30,"time":1691093506103,"pid":69448,"hostname":"Franciscos-MacBook-Pro.local","msg":"GET /login"}
{"level":30,"time":1691093515498,"pid":69448,"hostname":"Franciscos-MacBook-Pro.local","msg":"GET /login"}
{"level":30,"time":1691093526699,"pid":69448,"hostname":"Franciscos-MacBook-Pro.local","msg":"GET /login"}
{"level":30,"time":1691093549457,"pid":69448,"hostname":"Franciscos-MacBook-Pro.local","msg":"GET /login"}
{"level":30,"time":1691093567860,"pid":69448,"hostname":"Franciscos-MacBook-Pro.local","msg":"GET /login"}
{"level":30,"time":1691093636105,"pid":69448,"hostname":"Franciscos-MacBook-Pro.local","msg":"GET /login"}
{"level":30,"time":1691093655427,"pid":69448,"hostname":"Franciscos-MacBook-Pro.local","msg":"GET /login"}
{"level":30,"time":1691093704687,"pid":69448,"hostname":"Franciscos-MacBook-Pro.local","msg":"GET /login"}
{"level":30,"time":1691093757738,"pid":69448,"hostname":"Franciscos-MacBook-Pro.local","msg":"GET /login"}
{"level":30,"time":1691093762922,"pid":69448,"hostname":"Franciscos-MacBook-Pro.local","msg":"GET /login"}
{"level":30,"time":1691093805181,"pid":69448,"hostname":"Franciscos-MacBook-Pro.local","msg":"GET /login"}
{"level":30,"time":1691093812406,"pid":69448,"hostname":"Franciscos-MacBook-Pro.local","msg":"GET /login"}
{"level":30,"time":1691093817229,"pid":69448,"hostname":"Franciscos-MacBook-Pro.local","msg":"GET /login"}
{"level":30,"time":1691093825731,"pid":69448,"hostname":"Franciscos-MacBook-Pro.local","msg":"GET /login"}
{"level":30,"time":1691093867810,"pid":69448,"hostname":"Franciscos-MacBook-Pro.local","msg":"GET /"}
{"level":30,"time":1691093867819,"pid":69448,"hostname":"Franciscos-MacBook-Pro.local","msg":"GET /"}
{"level":30,"time":1691093868296,"pid":69448,"hostname":"Franciscos-MacBook-Pro.local","msg":"GET /"}
{"level":30,"time":1691093868308,"pid":69448,"hostname":"Franciscos-MacBook-Pro.local","msg":"GET /login"}
{"level":30,"time":1691093868377,"pid":69448,"hostname":"Franciscos-MacBook-Pro.local","msg":"GET /login"}
{"level":30,"time":1691093868451,"pid":69448,"hostname":"Franciscos-MacBook-Pro.local","msg":"GET /login"}
{"level":30,"time":1691093927446,"pid":69448,"hostname":"Franciscos-MacBook-Pro.local","msg":"GET /login"}
{"level":30,"time":1691093927515,"pid":69448,"hostname":"Franciscos-MacBook-Pro.local","msg":"GET /login"}
{"level":30,"time":1691093927593,"pid":69448,"hostname":"Franciscos-MacBook-Pro.local","msg":"GET /login"}
{"level":30,"time":1691094128039,"pid":69448,"hostname":"Franciscos-MacBook-Pro.local","msg":"GET /"}
{"level":30,"time":1691094128060,"pid":69448,"hostname":"Franciscos-MacBook-Pro.local","msg":"GET /"}
{"level":30,"time":1691094128117,"pid":69448,"hostname":"Franciscos-MacBook-Pro.local","msg":"GET /"}
{"level":30,"time":1691094128123,"pid":69448,"hostname":"Franciscos-MacBook-Pro.local","msg":"GET /login"}
{"level":30,"time":1691094128191,"pid":69448,"hostname":"Franciscos-MacBook-Pro.local","msg":"GET /login"}
{"level":30,"time":1691094128265,"pid":69448,"hostname":"Franciscos-MacBook-Pro.local","msg":"GET /login"}
{"level":30,"time":1691094128579,"pid":69448,"hostname":"Franciscos-MacBook-Pro.local","msg":"GET /login"}
{"level":30,"time":1691094128713,"pid":69448,"hostname":"Franciscos-MacBook-Pro.local","msg":"GET /login"}
{"level":30,"time":1691094308734,"pid":69448,"hostname":"Franciscos-MacBook-Pro.local","msg":"GET /login"}
{"level":30,"time":1691094310827,"pid":69448,"hostname":"Franciscos-MacBook-Pro.local","msg":"GET /login"}
{"level":30,"time":1691094317015,"pid":69448,"hostname":"Franciscos-MacBook-Pro.local","msg":"GET /login"}
{"level":30,"time":1691094358697,"pid":69448,"hostname":"Franciscos-MacBook-Pro.local","msg":"GET /register"}
{"level":30,"time":1691094358858,"pid":69448,"hostname":"Franciscos-MacBook-Pro.local","msg":"GET /register"}
{"level":30,"time":1691094367000,"pid":69448,"hostname":"Franciscos-MacBook-Pro.local","msg":"GET /register"}
{"level":30,"time":1691094367072,"pid":69448,"hostname":"Franciscos-MacBook-Pro.local","msg":"GET /register"}
{"level":30,"time":1691094438925,"pid":69448,"hostname":"Franciscos-MacBook-Pro.local","msg":"GET /register"}
{"level":30,"time":1691094438995,"pid":69448,"hostname":"Franciscos-MacBook-Pro.local","msg":"GET /register"}
{"level":30,"time":1691094439071,"pid":69448,"hostname":"Franciscos-MacBook-Pro.local","msg":"GET /register"}
{"level":30,"time":1691094469778,"pid":69448,"hostname":"Franciscos-MacBook-Pro.local","msg":"GET /shop"}
{"level":30,"time":1691094470027,"pid":69448,"hostname":"Franciscos-MacBook-Pro.local","msg":"GET /shop"}
{"level":30,"time":1691094470177,"pid":69448,"hostname":"Franciscos-MacBook-Pro.local","msg":"GET /shop"}
{"level":30,"time":1691094470329,"pid":69448,"hostname":"Franciscos-MacBook-Pro.local","msg":"GET /shop"}
{"level":30,"time":1691094552852,"pid":69448,"hostname":"Franciscos-MacBook-Pro.local","msg":"GET /shop"}
{"level":30,"time":1691094552976,"pid":69448,"hostname":"Franciscos-MacBook-Pro.local","msg":"GET /shop"}
{"level":30,"time":1691094553103,"pid":69448,"hostname":"Franciscos-MacBook-Pro.local","msg":"GET /shop"}
{"level":30,"time":1691094566459,"pid":69448,"hostname":"Franciscos-MacBook-Pro.local","msg":"GET /shop"}
{"level":30,"time":1691094566577,"pid":69448,"hostname":"Franciscos-MacBook-Pro.local","msg":"GET /shop"}
{"level":30,"time":1691094566732,"pid":69448,"hostname":"Franciscos-MacBook-Pro.local","msg":"GET /shop"}
{"level":30,"time":1691094630916,"pid":69448,"hostname":"Franciscos-MacBook-Pro.local","msg":"GET /shop"}
{"level":30,"time":1691094631067,"pid":69448,"hostname":"Franciscos-MacBook-Pro.local","msg":"GET /shop"}
{"level":30,"time":1691094631215,"pid":69448,"hostname":"Franciscos-MacBook-Pro.local","msg":"GET /shop"}
{"level":30,"time":1691094673736,"pid":69448,"hostname":"Franciscos-MacBook-Pro.local","msg":"GET /shop"}
{"level":30,"time":1691094673855,"pid":69448,"hostname":"Franciscos-MacBook-Pro.local","msg":"GET /shop"}
{"level":30,"time":1691094673990,"pid":69448,"hostname":"Franciscos-MacBook-Pro.local","msg":"GET /shop"}
{"level":30,"time":1691094727704,"pid":69448,"hostname":"Franciscos-MacBook-Pro.local","msg":"GET /shop"}
{"level":30,"time":1691094727830,"pid":69448,"hostname":"Franciscos-MacBook-Pro.local","msg":"GET /shop"}
{"level":30,"time":1691094727964,"pid":69448,"hostname":"Franciscos-MacBook-Pro.local","msg":"GET /shop"}
{"level":30,"time":1691094806509,"pid":69448,"hostname":"Franciscos-MacBook-Pro.local","msg":"GET /shop"}
{"level":30,"time":1691094806634,"pid":69448,"hostname":"Franciscos-MacBook-Pro.local","msg":"GET /shop"}
{"level":30,"time":1691094806760,"pid":69448,"hostname":"Franciscos-MacBook-Pro.local","msg":"GET /shop"}
{"level":30,"time":1691094882830,"pid":69448,"hostname":"Franciscos-MacBook-Pro.local","msg":"GET /shop"}
{"level":30,"time":1691094882944,"pid":69448,"hostname":"Franciscos-MacBook-Pro.local","msg":"GET /shop"}
{"level":30,"time":1691094883071,"pid":69448,"hostname":"Franciscos-MacBook-Pro.local","msg":"GET /shop"}
{"level":30,"time":1691094905527,"pid":69448,"hostname":"Franciscos-MacBook-Pro.local","msg":"GET /shop"}
{"level":30,"time":1691094905647,"pid":69448,"hostname":"Franciscos-MacBook-Pro.local","msg":"GET /shop"}
{"level":30,"time":1691094905770,"pid":69448,"hostname":"Franciscos-MacBook-Pro.local","msg":"GET /shop"}
{"level":30,"time":1691094921739,"pid":69448,"hostname":"Franciscos-MacBook-Pro.local","msg":"GET /shop"}
{"level":30,"time":1691094921865,"pid":69448,"hostname":"Franciscos-MacBook-Pro.local","msg":"GET /shop"}
{"level":30,"time":1691094921991,"pid":69448,"hostname":"Franciscos-MacBook-Pro.local","msg":"GET /shop"}
{"level":30,"time":1691094936633,"pid":69448,"hostname":"Franciscos-MacBook-Pro.local","msg":"GET /shop"}
{"level":30,"time":1691094936753,"pid":69448,"hostname":"Franciscos-MacBook-Pro.local","msg":"GET /shop"}
{"level":30,"time":1691094936876,"pid":69448,"hostname":"Franciscos-MacBook-Pro.local","msg":"GET /shop"}
{"level":30,"time":1691094959982,"pid":69448,"hostname":"Franciscos-MacBook-Pro.local","msg":"GET /shop"}
{"level":30,"time":1691094960116,"pid":69448,"hostname":"Franciscos-MacBook-Pro.local","msg":"GET /shop"}
{"level":30,"time":1691094960333,"pid":69448,"hostname":"Franciscos-MacBook-Pro.local","msg":"GET /shop"}
{"level":30,"time":1691095180162,"pid":69448,"hostname":"Franciscos-MacBook-Pro.local","msg":"GET /shop"}
{"level":30,"time":1691095180288,"pid":69448,"hostname":"Franciscos-MacBook-Pro.local","msg":"GET /shop"}
{"level":30,"time":1691095180415,"pid":69448,"hostname":"Franciscos-MacBook-Pro.local","msg":"GET /shop"}
{"level":30,"time":1691095189903,"pid":69448,"hostname":"Franciscos-MacBook-Pro.local","msg":"GET /shop"}
{"level":30,"time":1691095190020,"pid":69448,"hostname":"Franciscos-MacBook-Pro.local","msg":"GET /shop"}
{"level":30,"time":1691095190150,"pid":69448,"hostname":"Franciscos-MacBook-Pro.local","msg":"GET /shop"}
{"level":30,"time":1691095217836,"pid":69448,"hostname":"Franciscos-MacBook-Pro.local","msg":"GET /shop"}
{"level":30,"time":1691095217955,"pid":69448,"hostname":"Franciscos-MacBook-Pro.local","msg":"GET /shop"}
{"level":30,"time":1691095218092,"pid":69448,"hostname":"Franciscos-MacBook-Pro.local","msg":"GET /shop"}
{"level":30,"time":1691095252231,"pid":69448,"hostname":"Franciscos-MacBook-Pro.local","msg":"GET /shop"}
{"level":30,"time":1691095252360,"pid":69448,"hostname":"Franciscos-MacBook-Pro.local","msg":"GET /shop"}
{"level":30,"time":1691095252492,"pid":69448,"hostname":"Franciscos-MacBook-Pro.local","msg":"GET /shop"}
{"level":30,"time":1691095313821,"pid":69448,"hostname":"Franciscos-MacBook-Pro.local","msg":"GET /shop"}
{"level":30,"time":1691095313941,"pid":69448,"hostname":"Franciscos-MacBook-Pro.local","msg":"GET /shop"}
{"level":30,"time":1691095314059,"pid":69448,"hostname":"Franciscos-MacBook-Pro.local","msg":"GET /shop"}
{"level":30,"time":1691095333641,"pid":69448,"hostname":"Franciscos-MacBook-Pro.local","msg":"GET /shop"}
{"level":30,"time":1691095333759,"pid":69448,"hostname":"Franciscos-MacBook-Pro.local","msg":"GET /shop"}
{"level":30,"time":1691095333887,"pid":69448,"hostname":"Franciscos-MacBook-Pro.local","msg":"GET /shop"}
{"level":30,"time":1691095358964,"pid":69448,"hostname":"Franciscos-MacBook-Pro.local","msg":"GET /shop"}
{"level":30,"time":1691095359079,"pid":69448,"hostname":"Franciscos-MacBook-Pro.local","msg":"GET /shop"}
{"level":30,"time":1691095359200,"pid":69448,"hostname":"Franciscos-MacBook-Pro.local","msg":"GET /shop"}
{"level":30,"time":1691095397740,"pid":69448,"hostname":"Franciscos-MacBook-Pro.local","msg":"GET /shop"}
{"level":30,"time":1691095397864,"pid":69448,"hostname":"Franciscos-MacBook-Pro.local","msg":"GET /shop"}
{"level":30,"time":1691095397993,"pid":69448,"hostname":"Franciscos-MacBook-Pro.local","msg":"GET /shop"}
{"level":30,"time":1691095425132,"pid":69448,"hostname":"Franciscos-MacBook-Pro.local","msg":"GET /shop"}
{"level":30,"time":1691095425252,"pid":69448,"hostname":"Franciscos-MacBook-Pro.local","msg":"GET /shop"}
{"level":30,"time":1691095425377,"pid":69448,"hostname":"Franciscos-MacBook-Pro.local","msg":"GET /shop"}
{"level":30,"time":1691095441777,"pid":69448,"hostname":"Franciscos-MacBook-Pro.local","msg":"GET /shop"}
{"level":30,"time":1691095441899,"pid":69448,"hostname":"Franciscos-MacBook-Pro.local","msg":"GET /shop"}
{"level":30,"time":1691095442017,"pid":69448,"hostname":"Franciscos-MacBook-Pro.local","msg":"GET /shop"}
{"level":30,"time":1691095471867,"pid":69448,"hostname":"Franciscos-MacBook-Pro.local","msg":"GET /shop"}
{"level":30,"time":1691095471984,"pid":69448,"hostname":"Franciscos-MacBook-Pro.local","msg":"GET /shop"}
{"level":30,"time":1691095472103,"pid":69448,"hostname":"Franciscos-MacBook-Pro.local","msg":"GET /shop"}
{"level":30,"time":1691095490666,"pid":69448,"hostname":"Franciscos-MacBook-Pro.local","msg":"GET /shop"}
{"level":30,"time":1691095494465,"pid":69448,"hostname":"Franciscos-MacBook-Pro.local","msg":"GET /shop"}
{"level":30,"time":1691095562043,"pid":69448,"hostname":"Franciscos-MacBook-Pro.local","msg":"GET /shop"}
{"level":30,"time":1691095608305,"pid":69448,"hostname":"Franciscos-MacBook-Pro.local","msg":"GET /shop"}
{"level":30,"time":1691095642906,"pid":69448,"hostname":"Franciscos-MacBook-Pro.local","msg":"GET /shop"}
{"level":30,"time":1691095643038,"pid":69448,"hostname":"Franciscos-MacBook-Pro.local","msg":"GET /shop"}
{"level":30,"time":1691095643164,"pid":69448,"hostname":"Franciscos-MacBook-Pro.local","msg":"GET /shop"}
{"level":30,"time":1691095717103,"pid":69448,"hostname":"Franciscos-MacBook-Pro.local","msg":"GET /shop"}
{"level":30,"time":1691095717219,"pid":69448,"hostname":"Franciscos-MacBook-Pro.local","msg":"GET /shop"}
{"level":30,"time":1691095717354,"pid":69448,"hostname":"Franciscos-MacBook-Pro.local","msg":"GET /shop"}
{"level":30,"time":1691095793248,"pid":69448,"hostname":"Franciscos-MacBook-Pro.local","msg":"GET /shop/643d7e043a0947948e645239"}
{"level":30,"time":1691095793510,"pid":69448,"hostname":"Franciscos-MacBook-Pro.local","msg":"GET /shop/643d7e043a0947948e645239"}
{"level":30,"time":1691095793627,"pid":69448,"hostname":"Franciscos-MacBook-Pro.local","msg":"GET /shop/643d7e043a0947948e645239"}
{"level":30,"time":1691095793753,"pid":69448,"hostname":"Franciscos-MacBook-Pro.local","msg":"GET /shop/643d7e043a0947948e645239"}
{"level":30,"time":1691095882653,"pid":69448,"hostname":"Franciscos-MacBook-Pro.local","msg":"GET /shop/643d7e043a0947948e645239"}
{"level":30,"time":1691095882768,"pid":69448,"hostname":"Franciscos-MacBook-Pro.local","msg":"GET /shop/643d7e043a0947948e645239"}
{"level":30,"time":1691095882888,"pid":69448,"hostname":"Franciscos-MacBook-Pro.local","msg":"GET /shop/643d7e043a0947948e645239"}
{"level":30,"time":1691095907026,"pid":69448,"hostname":"Franciscos-MacBook-Pro.local","msg":"GET /login"}
{"level":30,"time":1691095907159,"pid":69448,"hostname":"Franciscos-MacBook-Pro.local","msg":"GET /login"}
{"level":30,"time":1691095907222,"pid":69448,"hostname":"Franciscos-MacBook-Pro.local","msg":"GET /login"}
{"level":30,"time":1691095907289,"pid":69448,"hostname":"Franciscos-MacBook-Pro.local","msg":"GET /login"}
{"level":30,"time":1691095912671,"pid":69448,"hostname":"Franciscos-MacBook-Pro.local","msg":"GET /reset"}
{"level":30,"time":1691095913835,"pid":69448,"hostname":"Franciscos-MacBook-Pro.local","msg":"GET /reset"}
{"level":30,"time":1691095913897,"pid":69448,"hostname":"Franciscos-MacBook-Pro.local","msg":"GET /reset"}
{"level":30,"time":1691095913967,"pid":69448,"hostname":"Franciscos-MacBook-Pro.local","msg":"GET /reset"}
{"level":30,"time":1691095920403,"pid":69448,"hostname":"Franciscos-MacBook-Pro.local","msg":"GET /register"}
{"level":30,"time":1691095920578,"pid":69448,"hostname":"Franciscos-MacBook-Pro.local","msg":"GET /register"}
{"level":30,"time":1691095920648,"pid":69448,"hostname":"Franciscos-MacBook-Pro.local","msg":"GET /register"}
{"level":30,"time":1691095920807,"pid":69448,"hostname":"Franciscos-MacBook-Pro.local","msg":"GET /register"}
{"level":30,"time":1691095924213,"pid":69448,"hostname":"Franciscos-MacBook-Pro.local","msg":"GET /login"}
{"level":30,"time":1691095924419,"pid":69448,"hostname":"Franciscos-MacBook-Pro.local","msg":"GET /login"}
{"level":30,"time":1691095924490,"pid":69448,"hostname":"Franciscos-MacBook-Pro.local","msg":"GET /login"}
{"level":30,"time":1691095924568,"pid":69448,"hostname":"Franciscos-MacBook-Pro.local","msg":"GET /login"}
{"level":30,"time":1691095951425,"pid":69448,"hostname":"Franciscos-MacBook-Pro.local","msg":"POST /login"}
{"level":30,"time":1691095959648,"pid":69448,"hostname":"Franciscos-MacBook-Pro.local","msg":"POST /login"}
{"level":30,"time":1691095960607,"pid":69448,"hostname":"Franciscos-MacBook-Pro.local","msg":"GET /shop"}
{"level":30,"time":1691095960850,"pid":69448,"hostname":"Franciscos-MacBook-Pro.local","msg":"GET /shop"}
{"level":30,"time":1691095961030,"pid":69448,"hostname":"Franciscos-MacBook-Pro.local","msg":"GET /shop"}
{"level":30,"time":1691095961219,"pid":69448,"hostname":"Franciscos-MacBook-Pro.local","msg":"GET /shop"}
{"level":30,"time":1691095974015,"pid":69448,"hostname":"Franciscos-MacBook-Pro.local","msg":"GET /cart"}
{"level":30,"time":1691095974285,"pid":69448,"hostname":"Franciscos-MacBook-Pro.local","msg":"GET /cart"}
{"level":30,"time":1691095974407,"pid":69448,"hostname":"Franciscos-MacBook-Pro.local","msg":"GET /cart"}
{"level":30,"time":1691095974529,"pid":69448,"hostname":"Franciscos-MacBook-Pro.local","msg":"GET /cart"}
{"level":30,"time":1691095977694,"pid":69448,"hostname":"Franciscos-MacBook-Pro.local","msg":"GET /shop"}
{"level":30,"time":1691095977991,"pid":69448,"hostname":"Franciscos-MacBook-Pro.local","msg":"GET /shop"}
{"level":30,"time":1691095978197,"pid":69448,"hostname":"Franciscos-MacBook-Pro.local","msg":"GET /shop"}
{"level":30,"time":1691095978421,"pid":69448,"hostname":"Franciscos-MacBook-Pro.local","msg":"GET /shop"}
{"level":30,"time":1691095982093,"pid":69448,"hostname":"Franciscos-MacBook-Pro.local","msg":"GET /shop/643d7e043a0947948e645239"}
{"level":30,"time":1691095982371,"pid":69448,"hostname":"Franciscos-MacBook-Pro.local","msg":"GET /shop/643d7e043a0947948e645239"}
{"level":30,"time":1691095982550,"pid":69448,"hostname":"Franciscos-MacBook-Pro.local","msg":"GET /shop/643d7e043a0947948e645239"}
{"level":30,"time":1691095982733,"pid":69448,"hostname":"Franciscos-MacBook-Pro.local","msg":"GET /shop/643d7e043a0947948e645239"}
{"level":30,"time":1691095984948,"pid":69448,"hostname":"Franciscos-MacBook-Pro.local","msg":"POST /cart"}
{"level":30,"time":1691095985212,"pid":69448,"hostname":"Franciscos-MacBook-Pro.local","msg":"GET /cart"}
{"level":30,"time":1691095985521,"pid":69448,"hostname":"Franciscos-MacBook-Pro.local","msg":"GET /cart"}
{"level":30,"time":1691095985713,"pid":69448,"hostname":"Franciscos-MacBook-Pro.local","msg":"GET /cart"}
{"level":30,"time":1691095985915,"pid":69448,"hostname":"Franciscos-MacBook-Pro.local","msg":"GET /cart"}
{"level":30,"time":1691096041579,"pid":69448,"hostname":"Franciscos-MacBook-Pro.local","msg":"GET /cart"}
{"level":30,"time":1691096041760,"pid":69448,"hostname":"Franciscos-MacBook-Pro.local","msg":"GET /cart"}
{"level":30,"time":1691096041973,"pid":69448,"hostname":"Franciscos-MacBook-Pro.local","msg":"GET /cart"}
{"level":30,"time":1691096066366,"pid":69448,"hostname":"Franciscos-MacBook-Pro.local","msg":"GET /cart"}
{"level":30,"time":1691096066545,"pid":69448,"hostname":"Franciscos-MacBook-Pro.local","msg":"GET /cart"}
{"level":30,"time":1691096066809,"pid":69448,"hostname":"Franciscos-MacBook-Pro.local","msg":"GET /cart"}
{"level":30,"time":1691096084590,"pid":69448,"hostname":"Franciscos-MacBook-Pro.local","msg":"GET /cart"}
{"level":30,"time":1691096084769,"pid":69448,"hostname":"Franciscos-MacBook-Pro.local","msg":"GET /cart"}
{"level":30,"time":1691096084988,"pid":69448,"hostname":"Franciscos-MacBook-Pro.local","msg":"GET /cart"}
{"level":30,"time":1691096095502,"pid":69448,"hostname":"Franciscos-MacBook-Pro.local","msg":"GET /cart"}
{"level":30,"time":1691096095688,"pid":69448,"hostname":"Franciscos-MacBook-Pro.local","msg":"GET /cart"}
{"level":30,"time":1691096095895,"pid":69448,"hostname":"Franciscos-MacBook-Pro.local","msg":"GET /cart"}
{"level":30,"time":1691096111275,"pid":69448,"hostname":"Franciscos-MacBook-Pro.local","msg":"GET /cart"}
{"level":30,"time":1691096111453,"pid":69448,"hostname":"Franciscos-MacBook-Pro.local","msg":"GET /cart"}
{"level":30,"time":1691096111646,"pid":69448,"hostname":"Franciscos-MacBook-Pro.local","msg":"GET /cart"}
{"level":30,"time":1691096119127,"pid":69448,"hostname":"Franciscos-MacBook-Pro.local","msg":"GET /cart"}
{"level":30,"time":1691096119306,"pid":69448,"hostname":"Franciscos-MacBook-Pro.local","msg":"GET /cart"}
{"level":30,"time":1691096119486,"pid":69448,"hostname":"Franciscos-MacBook-Pro.local","msg":"GET /cart"}
{"level":30,"time":1691096184845,"pid":69448,"hostname":"Franciscos-MacBook-Pro.local","msg":"GET /cart"}
{"level":30,"time":1691096185026,"pid":69448,"hostname":"Franciscos-MacBook-Pro.local","msg":"GET /cart"}
{"level":30,"time":1691096185224,"pid":69448,"hostname":"Franciscos-MacBook-Pro.local","msg":"GET /cart"}
{"level":30,"time":1691096212732,"pid":69448,"hostname":"Franciscos-MacBook-Pro.local","msg":"GET /cart"}
{"level":30,"time":1691096212917,"pid":69448,"hostname":"Franciscos-MacBook-Pro.local","msg":"GET /cart"}
{"level":30,"time":1691096213171,"pid":69448,"hostname":"Franciscos-MacBook-Pro.local","msg":"GET /cart"}
{"level":30,"time":1691096269464,"pid":69448,"hostname":"Franciscos-MacBook-Pro.local","msg":"GET /cart"}
{"level":30,"time":1691096269643,"pid":69448,"hostname":"Franciscos-MacBook-Pro.local","msg":"GET /cart"}
{"level":30,"time":1691096269886,"pid":69448,"hostname":"Franciscos-MacBook-Pro.local","msg":"GET /cart"}
{"level":30,"time":1691096284650,"pid":69448,"hostname":"Franciscos-MacBook-Pro.local","msg":"GET /orders"}
{"level":30,"time":1691096285149,"pid":69448,"hostname":"Franciscos-MacBook-Pro.local","msg":"GET /orders"}
{"level":30,"time":1691096285331,"pid":69448,"hostname":"Franciscos-MacBook-Pro.local","msg":"GET /orders"}
{"level":30,"time":1691096285607,"pid":69448,"hostname":"Franciscos-MacBook-Pro.local","msg":"GET /orders"}
{"level":30,"time":1691096430516,"pid":69448,"hostname":"Franciscos-MacBook-Pro.local","msg":"GET /orders"}
{"level":30,"time":1691096430699,"pid":69448,"hostname":"Franciscos-MacBook-Pro.local","msg":"GET /orders"}
{"level":30,"time":1691096430883,"pid":69448,"hostname":"Franciscos-MacBook-Pro.local","msg":"GET /orders"}
{"level":30,"time":1691096447525,"pid":69448,"hostname":"Franciscos-MacBook-Pro.local","msg":"GET /admin/products"}
{"level":30,"time":1691096447801,"pid":69448,"hostname":"Franciscos-MacBook-Pro.local","msg":"GET /admin/products"}
{"level":30,"time":1691096447994,"pid":69448,"hostname":"Franciscos-MacBook-Pro.local","msg":"GET /admin/products"}
{"level":30,"time":1691096448243,"pid":69448,"hostname":"Franciscos-MacBook-Pro.local","msg":"GET /admin/products"}
{"level":30,"time":1691096536539,"pid":69448,"hostname":"Franciscos-MacBook-Pro.local","msg":"GET /admin/products"}
{"level":30,"time":1691096536750,"pid":69448,"hostname":"Franciscos-MacBook-Pro.local","msg":"GET /admin/products"}
{"level":30,"time":1691096536986,"pid":69448,"hostname":"Franciscos-MacBook-Pro.local","msg":"GET /admin/products"}
{"level":30,"time":1691096555630,"pid":69448,"hostname":"Franciscos-MacBook-Pro.local","msg":"GET /admin/products"}
{"level":30,"time":1691096555881,"pid":69448,"hostname":"Franciscos-MacBook-Pro.local","msg":"GET /admin/products"}
{"level":30,"time":1691096556139,"pid":69448,"hostname":"Franciscos-MacBook-Pro.local","msg":"GET /admin/products"}
{"level":30,"time":1691096580214,"pid":69448,"hostname":"Franciscos-MacBook-Pro.local","msg":"GET /admin/products"}
{"level":30,"time":1691096580397,"pid":69448,"hostname":"Franciscos-MacBook-Pro.local","msg":"GET /admin/products"}
{"level":30,"time":1691096580622,"pid":69448,"hostname":"Franciscos-MacBook-Pro.local","msg":"GET /admin/products"}
{"level":30,"time":1691096640876,"pid":69448,"hostname":"Franciscos-MacBook-Pro.local","msg":"GET /admin/products"}
{"level":30,"time":1691096641058,"pid":69448,"hostname":"Franciscos-MacBook-Pro.local","msg":"GET /admin/products"}
{"level":30,"time":1691096641307,"pid":69448,"hostname":"Franciscos-MacBook-Pro.local","msg":"GET /admin/products"}
{"level":30,"time":1691096744512,"pid":69448,"hostname":"Franciscos-MacBook-Pro.local","msg":"GET /admin/products"}
{"level":30,"time":1691096744711,"pid":69448,"hostname":"Franciscos-MacBook-Pro.local","msg":"GET /admin/products"}
{"level":30,"time":1691096745239,"pid":69448,"hostname":"Franciscos-MacBook-Pro.local","msg":"GET /admin/products"}
{"level":30,"time":1691096765290,"pid":69448,"hostname":"Franciscos-MacBook-Pro.local","msg":"GET /admin/products"}
{"level":30,"time":1691096765471,"pid":69448,"hostname":"Franciscos-MacBook-Pro.local","msg":"GET /admin/products"}
{"level":30,"time":1691096765699,"pid":69448,"hostname":"Franciscos-MacBook-Pro.local","msg":"GET /admin/products"}
{"level":30,"time":1691096773336,"pid":69448,"hostname":"Franciscos-MacBook-Pro.local","msg":"GET /admin/products"}
{"level":30,"time":1691096773508,"pid":69448,"hostname":"Franciscos-MacBook-Pro.local","msg":"GET /admin/products"}
{"level":30,"time":1691096773757,"pid":69448,"hostname":"Franciscos-MacBook-Pro.local","msg":"GET /admin/products"}
{"level":30,"time":1691096902437,"pid":69448,"hostname":"Franciscos-MacBook-Pro.local","msg":"GET /admin/products"}
{"level":30,"time":1691096902644,"pid":69448,"hostname":"Franciscos-MacBook-Pro.local","msg":"GET /admin/products"}
{"level":30,"time":1691096902920,"pid":69448,"hostname":"Franciscos-MacBook-Pro.local","msg":"GET /admin/products"}
{"level":30,"time":1691096986770,"pid":69448,"hostname":"Franciscos-MacBook-Pro.local","msg":"GET /admin/products"}
{"level":30,"time":1691096986943,"pid":69448,"hostname":"Franciscos-MacBook-Pro.local","msg":"GET /admin/products"}
{"level":30,"time":1691096987183,"pid":69448,"hostname":"Franciscos-MacBook-Pro.local","msg":"GET /admin/products"}
{"level":30,"time":1691097022149,"pid":69448,"hostname":"Franciscos-MacBook-Pro.local","msg":"GET /admin/products"}
{"level":30,"time":1691097022324,"pid":69448,"hostname":"Franciscos-MacBook-Pro.local","msg":"GET /admin/products"}
{"level":30,"time":1691097022525,"pid":69448,"hostname":"Franciscos-MacBook-Pro.local","msg":"GET /admin/products"}
{"level":30,"time":1691097030224,"pid":69448,"hostname":"Franciscos-MacBook-Pro.local","msg":"GET /admin/products"}
{"level":30,"time":1691097030414,"pid":69448,"hostname":"Franciscos-MacBook-Pro.local","msg":"GET /admin/products"}
{"level":30,"time":1691097030627,"pid":69448,"hostname":"Franciscos-MacBook-Pro.local","msg":"GET /admin/products"}
{"level":30,"time":1691097042029,"pid":69448,"hostname":"Franciscos-MacBook-Pro.local","msg":"GET /admin/products"}
{"level":30,"time":1691097042202,"pid":69448,"hostname":"Franciscos-MacBook-Pro.local","msg":"GET /admin/products"}
{"level":30,"time":1691097042406,"pid":69448,"hostname":"Franciscos-MacBook-Pro.local","msg":"GET /admin/products"}
{"level":30,"time":1691097094034,"pid":69448,"hostname":"Franciscos-MacBook-Pro.local","msg":"GET /admin/products"}
{"level":30,"time":1691097094205,"pid":69448,"hostname":"Franciscos-MacBook-Pro.local","msg":"GET /admin/products"}
{"level":30,"time":1691097094388,"pid":69448,"hostname":"Franciscos-MacBook-Pro.local","msg":"GET /admin/products"}
{"level":30,"time":1691097107303,"pid":69448,"hostname":"Franciscos-MacBook-Pro.local","msg":"GET /admin/products"}
{"level":30,"time":1691097107374,"pid":69448,"hostname":"Franciscos-MacBook-Pro.local","msg":"GET /admin/products"}
{"level":30,"time":1691097107391,"pid":69448,"hostname":"Franciscos-MacBook-Pro.local","msg":"GET /admin/products"}
{"level":30,"time":1691097107819,"pid":69448,"hostname":"Franciscos-MacBook-Pro.local","msg":"GET /admin/products"}
{"level":30,"time":1691097107997,"pid":69448,"hostname":"Franciscos-MacBook-Pro.local","msg":"GET /admin/products"}
{"level":30,"time":1691097108320,"pid":69448,"hostname":"Franciscos-MacBook-Pro.local","msg":"GET /admin/products"}
{"level":30,"time":1691097120574,"pid":69448,"hostname":"Franciscos-MacBook-Pro.local","msg":"GET /admin/products"}
{"level":30,"time":1691097120756,"pid":69448,"hostname":"Franciscos-MacBook-Pro.local","msg":"GET /admin/products"}
{"level":30,"time":1691097120960,"pid":69448,"hostname":"Franciscos-MacBook-Pro.local","msg":"GET /admin/products"}
{"level":30,"time":1691097141940,"pid":69448,"hostname":"Franciscos-MacBook-Pro.local","msg":"GET /login"}
{"level":30,"time":1691097161612,"pid":69448,"hostname":"Franciscos-MacBook-Pro.local","msg":"POST /login"}
{"level":30,"time":1691097162710,"pid":69448,"hostname":"Franciscos-MacBook-Pro.local","msg":"GET /shop"}
{"level":30,"time":1691097171570,"pid":69448,"hostname":"Franciscos-MacBook-Pro.local","msg":"GET /admin/products"}
{"level":30,"time":1691097253055,"pid":69448,"hostname":"Franciscos-MacBook-Pro.local","msg":"GET /admin/products"}
{"level":30,"time":1691097265568,"pid":69448,"hostname":"Franciscos-MacBook-Pro.local","msg":"GET /admin/products"}
{"level":30,"time":1691097277900,"pid":69448,"hostname":"Franciscos-MacBook-Pro.local","msg":"GET /admin/products"}
{"level":30,"time":1691097283119,"pid":69448,"hostname":"Franciscos-MacBook-Pro.local","msg":"GET /admin/products"}
{"level":30,"time":1691097348443,"pid":69448,"hostname":"Franciscos-MacBook-Pro.local","msg":"GET /admin/add-product"}
{"level":30,"time":1691097348675,"pid":69448,"hostname":"Franciscos-MacBook-Pro.local","msg":"GET /admin/add-product"}
{"level":30,"time":1691097348795,"pid":69448,"hostname":"Franciscos-MacBook-Pro.local","msg":"GET /admin/add-product"}
{"level":30,"time":1691097348923,"pid":69448,"hostname":"Franciscos-MacBook-Pro.local","msg":"GET /admin/add-product"}
{"level":30,"time":1691097409879,"pid":69448,"hostname":"Franciscos-MacBook-Pro.local","msg":"GET /admin/add-product"}
{"level":30,"time":1691097410018,"pid":69448,"hostname":"Franciscos-MacBook-Pro.local","msg":"GET /admin/add-product"}
{"level":30,"time":1691097410147,"pid":69448,"hostname":"Franciscos-MacBook-Pro.local","msg":"GET /admin/add-product"}
{"level":30,"time":1691097421298,"pid":69448,"hostname":"Franciscos-MacBook-Pro.local","msg":"GET /admin/add-product"}
{"level":30,"time":1691097421425,"pid":69448,"hostname":"Franciscos-MacBook-Pro.local","msg":"GET /admin/add-product"}
{"level":30,"time":1691097421557,"pid":69448,"hostname":"Franciscos-MacBook-Pro.local","msg":"GET /admin/add-product"}
{"level":30,"time":1691097432709,"pid":69448,"hostname":"Franciscos-MacBook-Pro.local","msg":"GET /admin/add-product"}
{"level":30,"time":1691097432844,"pid":69448,"hostname":"Franciscos-MacBook-Pro.local","msg":"GET /admin/add-product"}
{"level":30,"time":1691097432970,"pid":69448,"hostname":"Franciscos-MacBook-Pro.local","msg":"GET /admin/add-product"}
{"level":30,"time":1691097445437,"pid":69448,"hostname":"Franciscos-MacBook-Pro.local","msg":"GET /admin/edit-product/643d7e043a0947948e645239?edit=true"}
{"level":30,"time":1691097520659,"pid":69448,"hostname":"Franciscos-MacBook-Pro.local","msg":"GET /admin/edit-product/643d7e043a0947948e645239?edit=true"}
{"level":30,"time":1691097533899,"pid":69448,"hostname":"Franciscos-MacBook-Pro.local","msg":"GET /admin/add-product"}
{"level":30,"time":1691097534022,"pid":69448,"hostname":"Franciscos-MacBook-Pro.local","msg":"GET /admin/add-product"}
{"level":30,"time":1691097534165,"pid":69448,"hostname":"Franciscos-MacBook-Pro.local","msg":"GET /admin/add-product"}
{"level":30,"time":1691097552379,"pid":69448,"hostname":"Franciscos-MacBook-Pro.local","msg":"GET /admin/edit-product/643d7e043a0947948e645239?edit=true"}
{"level":30,"time":1691097568622,"pid":69448,"hostname":"Franciscos-MacBook-Pro.local","msg":"GET /admin/edit-product/643d7e043a0947948e645239?edit=true"}
{"level":30,"time":1691097579383,"pid":69448,"hostname":"Franciscos-MacBook-Pro.local","msg":"GET /admin/edit-product/643d7e043a0947948e645239?edit=true"}
{"level":30,"time":1691097589038,"pid":69448,"hostname":"Franciscos-MacBook-Pro.local","msg":"GET /admin/add-product"}
{"level":30,"time":1691097589174,"pid":69448,"hostname":"Franciscos-MacBook-Pro.local","msg":"GET /admin/add-product"}
{"level":30,"time":1691097589323,"pid":69448,"hostname":"Franciscos-MacBook-Pro.local","msg":"GET /admin/add-product"}
{"level":30,"time":1691097627020,"pid":69448,"hostname":"Franciscos-MacBook-Pro.local","msg":"GET /admin/add-product"}
{"level":30,"time":1691097627141,"pid":69448,"hostname":"Franciscos-MacBook-Pro.local","msg":"GET /admin/add-product"}
{"level":30,"time":1691097627270,"pid":69448,"hostname":"Franciscos-MacBook-Pro.local","msg":"GET /admin/add-product"}
{"level":30,"time":1691097627819,"pid":69448,"hostname":"Franciscos-MacBook-Pro.local","msg":"GET /admin/add-product"}
{"level":30,"time":1691097627978,"pid":69448,"hostname":"Franciscos-MacBook-Pro.local","msg":"GET /admin/add-product"}
{"level":30,"time":1691097628110,"pid":69448,"hostname":"Franciscos-MacBook-Pro.local","msg":"GET /admin/add-product"}
{"level":30,"time":1691097657523,"pid":69448,"hostname":"Franciscos-MacBook-Pro.local","msg":"GET /admin/add-product"}
{"level":30,"time":1691097657642,"pid":69448,"hostname":"Franciscos-MacBook-Pro.local","msg":"GET /admin/add-product"}
{"level":30,"time":1691097657775,"pid":69448,"hostname":"Franciscos-MacBook-Pro.local","msg":"GET /admin/add-product"}
{"level":30,"time":1691097666413,"pid":69448,"hostname":"Franciscos-MacBook-Pro.local","msg":"GET /admin/add-product"}
{"level":30,"time":1691097666545,"pid":69448,"hostname":"Franciscos-MacBook-Pro.local","msg":"GET /admin/add-product"}
{"level":30,"time":1691097666671,"pid":69448,"hostname":"Franciscos-MacBook-Pro.local","msg":"GET /admin/add-product"}
{"level":30,"time":1691097671261,"pid":69448,"hostname":"Franciscos-MacBook-Pro.local","msg":"GET /admin/edit-product/643d7e043a0947948e645239?edit=true"}
{"level":30,"time":1691097679450,"pid":69448,"hostname":"Franciscos-MacBook-Pro.local","msg":"GET /admin/add-product"}
{"level":30,"time":1691097679577,"pid":69448,"hostname":"Franciscos-MacBook-Pro.local","msg":"GET /admin/add-product"}
{"level":30,"time":1691097679701,"pid":69448,"hostname":"Franciscos-MacBook-Pro.local","msg":"GET /admin/add-product"}
{"level":30,"time":1691097682606,"pid":69448,"hostname":"Franciscos-MacBook-Pro.local","msg":"GET /admin/edit-product/643d7e043a0947948e645239?edit=true"}
{"level":30,"time":1691097698098,"pid":69448,"hostname":"Franciscos-MacBook-Pro.local","msg":"GET /admin/edit-product/643d7e043a0947948e645239?edit=true"}
{"level":30,"time":1691097708446,"pid":69448,"hostname":"Franciscos-MacBook-Pro.local","msg":"GET /admin/edit-product/643d7e043a0947948e645239?edit=true"}
{"level":30,"time":1691097739191,"pid":69448,"hostname":"Franciscos-MacBook-Pro.local","msg":"GET /admin/products"}
{"level":30,"time":1691097739480,"pid":69448,"hostname":"Franciscos-MacBook-Pro.local","msg":"GET /admin/products"}
{"level":30,"time":1691097739682,"pid":69448,"hostname":"Franciscos-MacBook-Pro.local","msg":"GET /admin/products"}
{"level":30,"time":1691097739865,"pid":69448,"hostname":"Franciscos-MacBook-Pro.local","msg":"GET /admin/products"}
{"level":30,"time":1691097742782,"pid":69448,"hostname":"Franciscos-MacBook-Pro.local","msg":"GET /admin/add-product"}
{"level":30,"time":1691097743039,"pid":69448,"hostname":"Franciscos-MacBook-Pro.local","msg":"GET /admin/add-product"}
{"level":30,"time":1691097743158,"pid":69448,"hostname":"Franciscos-MacBook-Pro.local","msg":"GET /admin/add-product"}
{"level":30,"time":1691097743290,"pid":69448,"hostname":"Franciscos-MacBook-Pro.local","msg":"GET /admin/add-product"}
{"level":30,"time":1691097750783,"pid":69448,"hostname":"Franciscos-MacBook-Pro.local","msg":"GET /orders"}
{"level":30,"time":1691097751027,"pid":69448,"hostname":"Franciscos-MacBook-Pro.local","msg":"GET /orders"}
{"level":30,"time":1691097751207,"pid":69448,"hostname":"Franciscos-MacBook-Pro.local","msg":"GET /orders"}
{"level":30,"time":1691097751390,"pid":69448,"hostname":"Franciscos-MacBook-Pro.local","msg":"GET /orders"}
{"level":30,"time":1691098847794,"pid":69448,"hostname":"Franciscos-MacBook-Pro.local","msg":"GET /"}
{"level":30,"time":1691098848009,"pid":69448,"hostname":"Franciscos-MacBook-Pro.local","msg":"GET /shop"}
{"level":30,"time":1691098857568,"pid":69448,"hostname":"Franciscos-MacBook-Pro.local","msg":"POST /logout"}
{"level":30,"time":1691098857640,"pid":69448,"hostname":"Franciscos-MacBook-Pro.local","msg":"GET /shop"}
{"level":30,"time":1691098860001,"pid":69448,"hostname":"Franciscos-MacBook-Pro.local","msg":"GET /login"}
{"level":30,"time":1691098878245,"pid":69448,"hostname":"Franciscos-MacBook-Pro.local","msg":"POST /login"}
{"level":30,"time":1691098879344,"pid":69448,"hostname":"Franciscos-MacBook-Pro.local","msg":"GET /shop"}
{"level":30,"time":1691098888297,"pid":69448,"hostname":"Franciscos-MacBook-Pro.local","msg":"GET /chat"}
{"level":30,"time":1691098912091,"pid":69448,"hostname":"Franciscos-MacBook-Pro.local","msg":"GET /shop"}
{"level":30,"time":1691098915946,"pid":69448,"hostname":"Franciscos-MacBook-Pro.local","msg":"GET /chat"}
{"level":30,"time":1691099002298,"pid":69448,"hostname":"Franciscos-MacBook-Pro.local","msg":"POST /logout"}
{"level":30,"time":1691099002361,"pid":69448,"hostname":"Franciscos-MacBook-Pro.local","msg":"GET /shop"}
{"level":30,"time":1691099002550,"pid":69448,"hostname":"Franciscos-MacBook-Pro.local","msg":"GET /shop"}
{"level":30,"time":1691099002670,"pid":69448,"hostname":"Franciscos-MacBook-Pro.local","msg":"GET /shop"}
{"level":30,"time":1691099002819,"pid":69448,"hostname":"Franciscos-MacBook-Pro.local","msg":"GET /shop"}
{"level":30,"time":1691099004947,"pid":69448,"hostname":"Franciscos-MacBook-Pro.local","msg":"GET /login"}
{"level":30,"time":1691099005082,"pid":69448,"hostname":"Franciscos-MacBook-Pro.local","msg":"GET /login"}
{"level":30,"time":1691099005144,"pid":69448,"hostname":"Franciscos-MacBook-Pro.local","msg":"GET /login"}
{"level":30,"time":1691099005215,"pid":69448,"hostname":"Franciscos-MacBook-Pro.local","msg":"GET /login"}
{"level":30,"time":1691099016717,"pid":69448,"hostname":"Franciscos-MacBook-Pro.local","msg":"POST /login"}
{"level":30,"time":1691099017697,"pid":69448,"hostname":"Franciscos-MacBook-Pro.local","msg":"GET /shop"}
{"level":30,"time":1691099017989,"pid":69448,"hostname":"Franciscos-MacBook-Pro.local","msg":"GET /shop"}
{"level":30,"time":1691099018181,"pid":69448,"hostname":"Franciscos-MacBook-Pro.local","msg":"GET /shop"}
{"level":30,"time":1691099018393,"pid":69448,"hostname":"Franciscos-MacBook-Pro.local","msg":"GET /shop"}
{"level":30,"time":1691099021934,"pid":69448,"hostname":"Franciscos-MacBook-Pro.local","msg":"GET /chat"}
{"level":30,"time":1691099022264,"pid":69448,"hostname":"Franciscos-MacBook-Pro.local","msg":"GET /chat"}
{"level":30,"time":1691099022404,"pid":69448,"hostname":"Franciscos-MacBook-Pro.local","msg":"GET /chat"}
{"level":30,"time":1691099022542,"pid":69448,"hostname":"Franciscos-MacBook-Pro.local","msg":"GET /chat"}
{"level":30,"time":1691099052343,"pid":69448,"hostname":"Franciscos-MacBook-Pro.local","msg":"GET /chat"}
{"level":30,"time":1691099052483,"pid":69448,"hostname":"Franciscos-MacBook-Pro.local","msg":"GET /chat"}
{"level":30,"time":1691099052602,"pid":69448,"hostname":"Franciscos-MacBook-Pro.local","msg":"GET /chat"}
{"level":30,"time":1691099073974,"pid":69448,"hostname":"Franciscos-MacBook-Pro.local","msg":"GET /chat"}
{"level":30,"time":1691099074096,"pid":69448,"hostname":"Franciscos-MacBook-Pro.local","msg":"GET /chat"}
{"level":30,"time":1691099074218,"pid":69448,"hostname":"Franciscos-MacBook-Pro.local","msg":"GET /chat"}
{"level":30,"time":1691099086214,"pid":69448,"hostname":"Franciscos-MacBook-Pro.local","msg":"GET /chat"}
{"level":30,"time":1691099086341,"pid":69448,"hostname":"Franciscos-MacBook-Pro.local","msg":"GET /chat"}
{"level":30,"time":1691099086463,"pid":69448,"hostname":"Franciscos-MacBook-Pro.local","msg":"GET /chat"}
{"level":30,"time":1691099107667,"pid":69448,"hostname":"Franciscos-MacBook-Pro.local","msg":"GET /chat"}
{"level":30,"time":1691099107785,"pid":69448,"hostname":"Franciscos-MacBook-Pro.local","msg":"GET /chat"}
{"level":30,"time":1691099107909,"pid":69448,"hostname":"Franciscos-MacBook-Pro.local","msg":"GET /chat"}
{"level":30,"time":1691099124081,"pid":69448,"hostname":"Franciscos-MacBook-Pro.local","msg":"GET /chat"}
{"level":30,"time":1691099339752,"pid":69448,"hostname":"Franciscos-MacBook-Pro.local","msg":"POST /logout"}
{"level":30,"time":1691099339821,"pid":69448,"hostname":"Franciscos-MacBook-Pro.local","msg":"GET /shop"}
{"level":30,"time":1691099342459,"pid":69448,"hostname":"Franciscos-MacBook-Pro.local","msg":"GET /login"}
{"level":30,"time":1691099344588,"pid":69448,"hostname":"Franciscos-MacBook-Pro.local","msg":"POST /login"}
{"level":30,"time":1691099363335,"pid":69448,"hostname":"Franciscos-MacBook-Pro.local","msg":"POST /login"}
{"level":30,"time":1691099364318,"pid":69448,"hostname":"Franciscos-MacBook-Pro.local","msg":"GET /shop"}
{"level":30,"time":1691099423632,"pid":69448,"hostname":"Franciscos-MacBook-Pro.local","msg":"GET /chat"}
{"level":30,"time":1691099423757,"pid":69448,"hostname":"Franciscos-MacBook-Pro.local","msg":"GET /chat"}
{"level":30,"time":1691099423878,"pid":69448,"hostname":"Franciscos-MacBook-Pro.local","msg":"GET /chat"}
{"level":30,"time":1691099554216,"pid":69448,"hostname":"Franciscos-MacBook-Pro.local","msg":"GET /orders"}
{"level":30,"time":1691099554486,"pid":69448,"hostname":"Franciscos-MacBook-Pro.local","msg":"GET /orders"}
{"level":30,"time":1691099554676,"pid":69448,"hostname":"Franciscos-MacBook-Pro.local","msg":"GET /orders"}
{"level":30,"time":1691099555006,"pid":69448,"hostname":"Franciscos-MacBook-Pro.local","msg":"GET /orders"}
{"level":30,"time":1691099684421,"pid":69448,"hostname":"Franciscos-MacBook-Pro.local","msg":"GET /orders"}
{"level":30,"time":1691099684600,"pid":69448,"hostname":"Franciscos-MacBook-Pro.local","msg":"GET /orders"}
{"level":30,"time":1691099725512,"pid":69448,"hostname":"Franciscos-MacBook-Pro.local","msg":"GET /orders"}
{"level":30,"time":1691099725689,"pid":69448,"hostname":"Franciscos-MacBook-Pro.local","msg":"GET /orders"}
{"level":30,"time":1691099725910,"pid":69448,"hostname":"Franciscos-MacBook-Pro.local","msg":"GET /orders"}
{"level":30,"time":1691100272435,"pid":69448,"hostname":"Franciscos-MacBook-Pro.local","msg":"GET /orders"}
{"level":30,"time":1691100272622,"pid":69448,"hostname":"Franciscos-MacBook-Pro.local","msg":"GET /orders"}
{"level":30,"time":1691100272814,"pid":69448,"hostname":"Franciscos-MacBook-Pro.local","msg":"GET /orders"}
{"level":30,"time":1691100316728,"pid":69448,"hostname":"Franciscos-MacBook-Pro.local","msg":"GET /orders"}
{"level":30,"time":1691100349192,"pid":69448,"hostname":"Franciscos-MacBook-Pro.local","msg":"GET /orders"}
{"level":30,"time":1691100363475,"pid":69448,"hostname":"Franciscos-MacBook-Pro.local","msg":"GET /orders"}
{"level":30,"time":1691100363594,"pid":69448,"hostname":"Franciscos-MacBook-Pro.local","msg":"GET /orders"}
{"level":30,"time":1691100391718,"pid":69448,"hostname":"Franciscos-MacBook-Pro.local","msg":"GET /orders"}
{"level":30,"time":1691100391894,"pid":69448,"hostname":"Franciscos-MacBook-Pro.local","msg":"GET /orders"}
{"level":30,"time":1691100494890,"pid":69448,"hostname":"Franciscos-MacBook-Pro.local","msg":"GET /orders"}
{"level":30,"time":1691100495071,"pid":69448,"hostname":"Franciscos-MacBook-Pro.local","msg":"GET /orders"}
{"level":30,"time":1691100495292,"pid":69448,"hostname":"Franciscos-MacBook-Pro.local","msg":"GET /orders"}
{"level":30,"time":1691100516482,"pid":69448,"hostname":"Franciscos-MacBook-Pro.local","msg":"GET /orders"}
{"level":30,"time":1691100516668,"pid":69448,"hostname":"Franciscos-MacBook-Pro.local","msg":"GET /orders"}
{"level":30,"time":1691100516856,"pid":69448,"hostname":"Franciscos-MacBook-Pro.local","msg":"GET /orders"}
{"level":30,"time":1691100543810,"pid":69448,"hostname":"Franciscos-MacBook-Pro.local","msg":"GET /orders"}
{"level":30,"time":1691100543991,"pid":69448,"hostname":"Franciscos-MacBook-Pro.local","msg":"GET /orders"}
{"level":30,"time":1691100544192,"pid":69448,"hostname":"Franciscos-MacBook-Pro.local","msg":"GET /orders"}
{"level":30,"time":1691100629627,"pid":69448,"hostname":"Franciscos-MacBook-Pro.local","msg":"GET /orders"}
{"level":30,"time":1691100629810,"pid":69448,"hostname":"Franciscos-MacBook-Pro.local","msg":"GET /orders"}
{"level":30,"time":1691100630079,"pid":69448,"hostname":"Franciscos-MacBook-Pro.local","msg":"GET /orders"}
{"level":30,"time":1691100652250,"pid":69448,"hostname":"Franciscos-MacBook-Pro.local","msg":"GET /orders"}
{"level":30,"time":1691100652438,"pid":69448,"hostname":"Franciscos-MacBook-Pro.local","msg":"GET /orders"}
{"level":30,"time":1691100652632,"pid":69448,"hostname":"Franciscos-MacBook-Pro.local","msg":"GET /orders"}
{"level":30,"time":1691100677072,"pid":69448,"hostname":"Franciscos-MacBook-Pro.local","msg":"GET /orders"}
{"level":30,"time":1691100677266,"pid":69448,"hostname":"Franciscos-MacBook-Pro.local","msg":"GET /orders"}
{"level":30,"time":1691100677477,"pid":69448,"hostname":"Franciscos-MacBook-Pro.local","msg":"GET /orders"}
{"level":30,"time":1691100706991,"pid":69448,"hostname":"Franciscos-MacBook-Pro.local","msg":"GET /orders"}
{"level":30,"time":1691100707171,"pid":69448,"hostname":"Franciscos-MacBook-Pro.local","msg":"GET /orders"}
{"level":30,"time":1691100707372,"pid":69448,"hostname":"Franciscos-MacBook-Pro.local","msg":"GET /orders"}
{"level":30,"time":1691100809856,"pid":69448,"hostname":"Franciscos-MacBook-Pro.local","msg":"GET /orders"}
{"level":30,"time":1691100810044,"pid":69448,"hostname":"Franciscos-MacBook-Pro.local","msg":"GET /orders"}
{"level":30,"time":1691100810224,"pid":69448,"hostname":"Franciscos-MacBook-Pro.local","msg":"GET /orders"}
{"level":30,"time":1691100871801,"pid":69448,"hostname":"Franciscos-MacBook-Pro.local","msg":"GET /orders"}
{"level":30,"time":1691100871983,"pid":69448,"hostname":"Franciscos-MacBook-Pro.local","msg":"GET /orders"}
{"level":30,"time":1691100872222,"pid":69448,"hostname":"Franciscos-MacBook-Pro.local","msg":"GET /orders"}
{"level":30,"time":1691100903242,"pid":69448,"hostname":"Franciscos-MacBook-Pro.local","msg":"GET /orders"}
{"level":30,"time":1691100903247,"pid":69448,"hostname":"Franciscos-MacBook-Pro.local","msg":"GET /orders"}
{"level":30,"time":1691100903312,"pid":69448,"hostname":"Franciscos-MacBook-Pro.local","msg":"GET /orders"}
{"level":30,"time":1691100903341,"pid":69448,"hostname":"Franciscos-MacBook-Pro.local","msg":"GET /orders"}
{"level":30,"time":1691100903529,"pid":69448,"hostname":"Franciscos-MacBook-Pro.local","msg":"GET /orders"}
{"level":30,"time":1691100903733,"pid":69448,"hostname":"Franciscos-MacBook-Pro.local","msg":"GET /orders"}
{"level":30,"time":1691100918994,"pid":69448,"hostname":"Franciscos-MacBook-Pro.local","msg":"GET /orders"}
{"level":30,"time":1691100919222,"pid":69448,"hostname":"Franciscos-MacBook-Pro.local","msg":"GET /orders"}
{"level":30,"time":1691100919439,"pid":69448,"hostname":"Franciscos-MacBook-Pro.local","msg":"GET /orders"}
{"level":30,"time":1691100973058,"pid":69448,"hostname":"Franciscos-MacBook-Pro.local","msg":"GET /orders"}
{"level":30,"time":1691100973242,"pid":69448,"hostname":"Franciscos-MacBook-Pro.local","msg":"GET /orders"}
{"level":30,"time":1691100973433,"pid":69448,"hostname":"Franciscos-MacBook-Pro.local","msg":"GET /orders"}
{"level":30,"time":1691100979145,"pid":69448,"hostname":"Franciscos-MacBook-Pro.local","msg":"GET /orders"}
{"level":30,"time":1691100979318,"pid":69448,"hostname":"Franciscos-MacBook-Pro.local","msg":"GET /orders"}
{"level":30,"time":1691100979500,"pid":69448,"hostname":"Franciscos-MacBook-Pro.local","msg":"GET /orders"}
{"level":30,"time":1691101002575,"pid":69448,"hostname":"Franciscos-MacBook-Pro.local","msg":"GET /orders"}
{"level":30,"time":1691101002776,"pid":69448,"hostname":"Franciscos-MacBook-Pro.local","msg":"GET /orders"}
{"level":30,"time":1691101002964,"pid":69448,"hostname":"Franciscos-MacBook-Pro.local","msg":"GET /orders"}
{"level":30,"time":1691101026637,"pid":69448,"hostname":"Franciscos-MacBook-Pro.local","msg":"GET /orders"}
{"level":30,"time":1691101026813,"pid":69448,"hostname":"Franciscos-MacBook-Pro.local","msg":"GET /orders"}
{"level":30,"time":1691101027001,"pid":69448,"hostname":"Franciscos-MacBook-Pro.local","msg":"GET /orders"}
{"level":30,"time":1691101043795,"pid":69448,"hostname":"Franciscos-MacBook-Pro.local","msg":"GET /orders"}
{"level":30,"time":1691101043976,"pid":69448,"hostname":"Franciscos-MacBook-Pro.local","msg":"GET /orders"}
{"level":30,"time":1691101044158,"pid":69448,"hostname":"Franciscos-MacBook-Pro.local","msg":"GET /orders"}
{"level":30,"time":1691101511990,"pid":69448,"hostname":"Franciscos-MacBook-Pro.local","msg":"GET /orders"}
{"level":30,"time":1691101512165,"pid":69448,"hostname":"Franciscos-MacBook-Pro.local","msg":"GET /orders"}
{"level":30,"time":1691101512383,"pid":69448,"hostname":"Franciscos-MacBook-Pro.local","msg":"GET /orders"}
{"level":30,"time":1691101528079,"pid":69448,"hostname":"Franciscos-MacBook-Pro.local","msg":"GET /orders"}
{"level":30,"time":1691101528261,"pid":69448,"hostname":"Franciscos-MacBook-Pro.local","msg":"GET /orders"}
{"level":30,"time":1691101528438,"pid":69448,"hostname":"Franciscos-MacBook-Pro.local","msg":"GET /orders"}
{"level":30,"time":1691101560277,"pid":69448,"hostname":"Franciscos-MacBook-Pro.local","msg":"GET /orders"}
{"level":30,"time":1691101560458,"pid":69448,"hostname":"Franciscos-MacBook-Pro.local","msg":"GET /orders"}
{"level":30,"time":1691101560646,"pid":69448,"hostname":"Franciscos-MacBook-Pro.local","msg":"GET /orders"}
{"level":30,"time":1691101613685,"pid":69448,"hostname":"Franciscos-MacBook-Pro.local","msg":"GET /shop"}
{"level":30,"time":1691101629586,"pid":69448,"hostname":"Franciscos-MacBook-Pro.local","msg":"GET /shop"}
{"level":30,"time":1691101677280,"pid":69448,"hostname":"Franciscos-MacBook-Pro.local","msg":"GET /shop"}
{"level":30,"time":1691101738485,"pid":69448,"hostname":"Franciscos-MacBook-Pro.local","msg":"GET /orders"}
{"level":30,"time":1691101738758,"pid":69448,"hostname":"Franciscos-MacBook-Pro.local","msg":"GET /orders"}
{"level":30,"time":1691101738957,"pid":69448,"hostname":"Franciscos-MacBook-Pro.local","msg":"GET /orders"}
{"level":30,"time":1691101752149,"pid":69448,"hostname":"Franciscos-MacBook-Pro.local","msg":"GET /shop"}
{"level":30,"time":1691101755900,"pid":69448,"hostname":"Franciscos-MacBook-Pro.local","msg":"GET /shop"}
{"level":30,"time":1691101826945,"pid":69448,"hostname":"Franciscos-MacBook-Pro.local","msg":"GET /shop"}
{"level":30,"time":1691101848256,"pid":69448,"hostname":"Franciscos-MacBook-Pro.local","msg":"GET /orders"}
{"level":30,"time":1691101848441,"pid":69448,"hostname":"Franciscos-MacBook-Pro.local","msg":"GET /orders"}
{"level":30,"time":1691101848641,"pid":69448,"hostname":"Franciscos-MacBook-Pro.local","msg":"GET /orders"}
{"level":30,"time":1691101869815,"pid":69448,"hostname":"Franciscos-MacBook-Pro.local","msg":"GET /orders"}
{"level":30,"time":1691101870046,"pid":69448,"hostname":"Franciscos-MacBook-Pro.local","msg":"GET /orders"}
{"level":30,"time":1691101870236,"pid":69448,"hostname":"Franciscos-MacBook-Pro.local","msg":"GET /orders"}
{"level":30,"time":1691101931180,"pid":69448,"hostname":"Franciscos-MacBook-Pro.local","msg":"POST /logout"}
{"level":30,"time":1691101931285,"pid":69448,"hostname":"Franciscos-MacBook-Pro.local","msg":"GET /shop"}
{"level":30,"time":1691101974909,"pid":69448,"hostname":"Franciscos-MacBook-Pro.local","msg":"GET /shop"}
{"level":30,"time":1691102018721,"pid":69448,"hostname":"Franciscos-MacBook-Pro.local","msg":"GET /shop"}
{"level":30,"time":1691102021352,"pid":69448,"hostname":"Franciscos-MacBook-Pro.local","msg":"GET /shop"}
{"level":30,"time":1691102049144,"pid":69448,"hostname":"Franciscos-MacBook-Pro.local","msg":"GET /shop"}
{"level":30,"time":1691102086173,"pid":69448,"hostname":"Franciscos-MacBook-Pro.local","msg":"GET /register"}
{"level":30,"time":1691102092843,"pid":69448,"hostname":"Franciscos-MacBook-Pro.local","msg":"GET /login"}
{"level":30,"time":1691102095976,"pid":69448,"hostname":"Franciscos-MacBook-Pro.local","msg":"GET /shop"}
{"level":30,"time":1691102112946,"pid":69448,"hostname":"Franciscos-MacBook-Pro.local","msg":"GET /login"}
{"level":30,"time":1691102141065,"pid":69448,"hostname":"Franciscos-MacBook-Pro.local","msg":"POST /login"}
{"level":30,"time":1691102149687,"pid":69448,"hostname":"Franciscos-MacBook-Pro.local","msg":"POST /login"}
{"level":30,"time":1691102151026,"pid":69448,"hostname":"Franciscos-MacBook-Pro.local","msg":"GET /shop"}
{"level":30,"time":1691102169610,"pid":69448,"hostname":"Franciscos-MacBook-Pro.local","msg":"GET /chat"}
{"level":30,"time":1691102189680,"pid":69448,"hostname":"Franciscos-MacBook-Pro.local","msg":"GET /shop"}
{"level":30,"time":1691102193669,"pid":69448,"hostname":"Franciscos-MacBook-Pro.local","msg":"GET /cart"}
{"level":30,"time":1691102196080,"pid":69448,"hostname":"Franciscos-MacBook-Pro.local","msg":"GET /orders"}
{"level":30,"time":1691102203180,"pid":69448,"hostname":"Franciscos-MacBook-Pro.local","msg":"GET /cart"}
{"level":30,"time":1691102204878,"pid":69448,"hostname":"Franciscos-MacBook-Pro.local","msg":"GET /shop"}
{"level":30,"time":1691102314304,"pid":69448,"hostname":"Franciscos-MacBook-Pro.local","msg":"GET /shop"}
{"level":30,"time":1691102332769,"pid":69448,"hostname":"Franciscos-MacBook-Pro.local","msg":"GET /shop"}
{"level":30,"time":1691102359003,"pid":69448,"hostname":"Franciscos-MacBook-Pro.local","msg":"POST /logout"}
{"level":30,"time":1691102359084,"pid":69448,"hostname":"Franciscos-MacBook-Pro.local","msg":"GET /shop"}
{"level":30,"time":1691102387805,"pid":69448,"hostname":"Franciscos-MacBook-Pro.local","msg":"GET /shop"}
{"level":30,"time":1691102402384,"pid":69448,"hostname":"Franciscos-MacBook-Pro.local","msg":"GET /shop/category/disney+"}
{"level":30,"time":1691102414896,"pid":69448,"hostname":"Franciscos-MacBook-Pro.local","msg":"GET /shop"}
{"level":30,"time":1691102417397,"pid":69448,"hostname":"Franciscos-MacBook-Pro.local","msg":"GET /shop/category/netflix"}
{"level":30,"time":1691102424982,"pid":69448,"hostname":"Franciscos-MacBook-Pro.local","msg":"GET /login"}
{"level":30,"time":1691102432194,"pid":69448,"hostname":"Franciscos-MacBook-Pro.local","msg":"GET /shop"}
{"level":30,"time":1691102434631,"pid":69448,"hostname":"Franciscos-MacBook-Pro.local","msg":"GET /shop/category/hbomax"}
{"level":30,"time":1691102473491,"pid":69448,"hostname":"Franciscos-MacBook-Pro.local","msg":"GET /shop/category/hbomax"}
{"level":30,"time":1691102476622,"pid":69448,"hostname":"Franciscos-MacBook-Pro.local","msg":"GET /shop"}
{"level":30,"time":1691102480193,"pid":69448,"hostname":"Franciscos-MacBook-Pro.local","msg":"GET /shop/category/netflix"}
{"level":30,"time":1691102485195,"pid":69448,"hostname":"Franciscos-MacBook-Pro.local","msg":"GET /shop"}
{"level":30,"time":1691102487182,"pid":69448,"hostname":"Franciscos-MacBook-Pro.local","msg":"GET /shop/category/disney+"}
{"level":30,"time":1691102683506,"pid":69448,"hostname":"Franciscos-MacBook-Pro.local","msg":"GET /shop/category/disney+"}
{"level":30,"time":1691102732422,"pid":69448,"hostname":"Franciscos-MacBook-Pro.local","msg":"GET /login"}
{"level":30,"time":1691102734726,"pid":69448,"hostname":"Franciscos-MacBook-Pro.local","msg":"GET /register"}
{"level":30,"time":1691102736972,"pid":69448,"hostname":"Franciscos-MacBook-Pro.local","msg":"GET /login"}
{"level":30,"time":1691102742200,"pid":69448,"hostname":"Franciscos-MacBook-Pro.local","msg":"GET /shop"}
{"level":30,"time":1691102749572,"pid":69448,"hostname":"Franciscos-MacBook-Pro.local","msg":"GET /shop/category/disney+"}
{"level":30,"time":1691102751818,"pid":69448,"hostname":"Franciscos-MacBook-Pro.local","msg":"GET /shop/643d7e043a0947948e645239"}
{"level":30,"time":1691102754934,"pid":69448,"hostname":"Franciscos-MacBook-Pro.local","msg":"GET /login"}
{"level":30,"time":1691102768484,"pid":69448,"hostname":"Franciscos-MacBook-Pro.local","msg":"POST /login"}
{"level":30,"time":1691102775217,"pid":69448,"hostname":"Franciscos-MacBook-Pro.local","msg":"POST /login"}
{"level":30,"time":1691102779263,"pid":69448,"hostname":"Franciscos-MacBook-Pro.local","msg":"POST /login"}
{"level":30,"time":1691102780570,"pid":69448,"hostname":"Franciscos-MacBook-Pro.local","msg":"GET /shop"}
{"level":30,"time":1691102788217,"pid":69448,"hostname":"Franciscos-MacBook-Pro.local","msg":"GET /cart"}
{"level":30,"time":1691102790771,"pid":69448,"hostname":"Franciscos-MacBook-Pro.local","msg":"GET /orders"}
{"level":30,"time":1691102792631,"pid":69448,"hostname":"Franciscos-MacBook-Pro.local","msg":"GET /admin/products"}
{"level":30,"time":1691103264253,"pid":69448,"hostname":"Franciscos-MacBook-Pro.local","msg":"GET /"}
{"level":30,"time":1691103264344,"pid":69448,"hostname":"Franciscos-MacBook-Pro.local","msg":"GET /login"}
{"level":30,"time":1691103483733,"pid":69448,"hostname":"Franciscos-MacBook-Pro.local","msg":"GET /"}
{"level":30,"time":1691103483820,"pid":69448,"hostname":"Franciscos-MacBook-Pro.local","msg":"GET /login"}
{"level":30,"time":1691103485517,"pid":69448,"hostname":"Franciscos-MacBook-Pro.local","msg":"GET /"}
{"level":30,"time":1691103485592,"pid":69448,"hostname":"Franciscos-MacBook-Pro.local","msg":"GET /login"}
